<?xml version="1.0" encoding="UTF-8"?>
<!-- Generated by org.testng.reporters.JUnitReportReporter -->
<testsuite skipped="0" hostname="Asmaas-MacBook-Pro.local" name="com.MavenTestNG.BaseClass" tests="1" failures="0" timestamp="29 Dec 2018 15:59:57 GMT" time="5.343" errors="0">
  <testcase name="setup" time="5.343" classname="com.MavenTestNG.BaseClass"/>
</testsuite> <!-- com.MavenTestNG.BaseClass -->
